# JRE version: OpenJDK Runtime Environment Temurin-21.0.6+7 (21.0.6+7) (build 21.0.6+7-LTS)
# Java VM: OpenJDK 64-Bit Server VM Temurin-21.0.6+7 (21.0.6+7-LTS, mixed mode, sharing, tiered, compressed oops, compressed class ptrs, parallel gc, windows-amd64)
GC Precious Log:
 CardTable entry size: 512
 CPUs: 16 total, 16 available
 Memory: 11992M
 Large Page Support: Disabled
 NUMA Support: Disabled
 Compressed Oops: Enabled (32-bit)
 Alignments: Space 512K, Generation 512K, Heap 2M
 Heap Min Capacity: 100M
 Heap Initial Capacity: 100M
 Heap Max Capacity: 1G
 Pre-touch: Disabled
 Parallel Workers: 13
Heap:
 PSYoungGen      total 4608K, used 2735K [0x00000000eab00000, 0x00000000eb080000, 0x0000000100000000)
  eden space 3584K, 60% used [0x00000000eab00000,0x00000000ead1fc28,0x00000000eae80000)
  from space 1024K, 54% used [0x00000000eaf00000,0x00000000eaf8c010,0x00000000eb000000)
  to   space 512K, 0% used [0x00000000eb000000,0x00000000eb000000,0x00000000eb080000)
 ParOldGen       total 333824K, used 333708K [0x00000000c0000000, 0x00000000d4600000, 0x00000000eab00000)
  object space 333824K, 99% used [0x00000000c0000000,0x00000000d45e32e0,0x00000000d4600000)
 Metaspace       used 92000K, committed 93760K, reserved 1179648K
  class space    used 8893K, committed 9792K, reserved 1048576K
GC Heap History (20 events):
Event: 1344.137 GC heap before
{Heap before GC invocations=5437 (full 12):
 PSYoungGen      total 4096K, used 3872K [0x00000000eab00000, 0x00000000eb100000, 0x0000000100000000)
  eden space 3584K, 100% used [0x00000000eab00000,0x00000000eae80000,0x00000000eae80000)
  from space 512K, 56% used [0x00000000eb000000,0x00000000eb048000,0x00000000eb080000)
  to   space 512K, 0% used [0x00000000eb080000,0x00000000eb080000,0x00000000eb100000)
 ParOldGen       total 331776K, used 331589K [0x00000000c0000000, 0x00000000d4400000, 0x00000000eab00000)
  object space 331776K, 99% used [0x00000000c0000000,0x00000000d43d17a0,0x00000000d4400000)
 Metaspace       used 91983K, committed 93760K, reserved 1179648K
  class space    used 8893K, committed 9792K, reserved 1048576K
}
Event: 1344.138 GC heap after
{Heap after GC invocations=5437 (full 12):
 PSYoungGen      total 4096K, used 224K [0x00000000eab00000, 0x00000000eb100000, 0x0000000100000000)
  eden space 3584K, 0% used [0x00000000eab00000,0x00000000eab00000,0x00000000eae80000)
  from space 512K, 43% used [0x00000000eb080000,0x00000000eb0b8000,0x00000000eb100000)
  to   space 512K, 0% used [0x00000000eb000000,0x00000000eb000000,0x00000000eb080000)
 ParOldGen       total 331776K, used 331589K [0x00000000c0000000, 0x00000000d4400000, 0x00000000eab00000)
  object space 331776K, 99% used [0x00000000c0000000,0x00000000d43d17a0,0x00000000d4400000)
 Metaspace       used 91983K, committed 93760K, reserved 1179648K
  class space    used 8893K, committed 9792K, reserved 1048576K
}
Event: 1421.120 GC heap before
{Heap before GC invocations=5438 (full 12):
 PSYoungGen      total 4096K, used 3808K [0x00000000eab00000, 0x00000000eb100000, 0x0000000100000000)
  eden space 3584K, 100% used [0x00000000eab00000,0x00000000eae80000,0x00000000eae80000)
  from space 512K, 43% used [0x00000000eb080000,0x00000000eb0b8000,0x00000000eb100000)
  to   space 512K, 0% used [0x00000000eb000000,0x00000000eb000000,0x00000000eb080000)
 ParOldGen       total 331776K, used 331589K [0x00000000c0000000, 0x00000000d4400000, 0x00000000eab00000)
  object space 331776K, 99% used [0x00000000c0000000,0x00000000d43d17a0,0x00000000d4400000)
 Metaspace       used 91988K, committed 93760K, reserved 1179648K
  class space    used 8893K, committed 9792K, reserved 1048576K
}
Event: 1421.122 GC heap after
{Heap after GC invocations=5438 (full 12):
 PSYoungGen      total 4096K, used 320K [0x00000000eab00000, 0x00000000eb100000, 0x0000000100000000)
  eden space 3584K, 0% used [0x00000000eab00000,0x00000000eab00000,0x00000000eae80000)
  from space 512K, 62% used [0x00000000eb000000,0x00000000eb050000,0x00000000eb080000)
  to   space 512K, 0% used [0x00000000eb080000,0x00000000eb080000,0x00000000eb100000)
 ParOldGen       total 331776K, used 331589K [0x00000000c0000000, 0x00000000d4400000, 0x00000000eab00000)
  object space 331776K, 99% used [0x00000000c0000000,0x00000000d43d17a0,0x00000000d4400000)
 Metaspace       used 91988K, committed 93760K, reserved 1179648K
  class space    used 8893K, committed 9792K, reserved 1048576K
}
Event: 1543.182 GC heap before
{Heap before GC invocations=5439 (full 12):
 PSYoungGen      total 4096K, used 3904K [0x00000000eab00000, 0x00000000eb100000, 0x0000000100000000)
  eden space 3584K, 100% used [0x00000000eab00000,0x00000000eae80000,0x00000000eae80000)
  from space 512K, 62% used [0x00000000eb000000,0x00000000eb050000,0x00000000eb080000)
  to   space 512K, 0% used [0x00000000eb080000,0x00000000eb080000,0x00000000eb100000)
 ParOldGen       total 331776K, used 331589K [0x00000000c0000000, 0x00000000d4400000, 0x00000000eab00000)
  object space 331776K, 99% used [0x00000000c0000000,0x00000000d43d17a0,0x00000000d4400000)
 Metaspace       used 91996K, committed 93760K, reserved 1179648K
  class space    used 8893K, committed 9792K, reserved 1048576K
}
Event: 1543.188 GC heap after
{Heap after GC invocations=5439 (full 12):
 PSYoungGen      total 4096K, used 480K [0x00000000eab00000, 0x00000000eb100000, 0x0000000100000000)
  eden space 3584K, 0% used [0x00000000eab00000,0x00000000eab00000,0x00000000eae80000)
  from space 512K, 93% used [0x00000000eb080000,0x00000000eb0f8000,0x00000000eb100000)
  to   space 512K, 0% used [0x00000000eb000000,0x00000000eb000000,0x00000000eb080000)
 ParOldGen       total 331776K, used 331645K [0x00000000c0000000, 0x00000000d4400000, 0x00000000eab00000)
  object space 331776K, 99% used [0x00000000c0000000,0x00000000d43df7a0,0x00000000d4400000)
 Metaspace       used 91996K, committed 93760K, reserved 1179648K
  class space    used 8893K, committed 9792K, reserved 1048576K
}
Event: 1589.592 GC heap before
{Heap before GC invocations=5440 (full 12):
 PSYoungGen      total 4096K, used 4064K [0x00000000eab00000, 0x00000000eb100000, 0x0000000100000000)
  eden space 3584K, 100% used [0x00000000eab00000,0x00000000eae80000,0x00000000eae80000)
  from space 512K, 93% used [0x00000000eb080000,0x00000000eb0f8000,0x00000000eb100000)
  to   space 512K, 0% used [0x00000000eb000000,0x00000000eb000000,0x00000000eb080000)
 ParOldGen       total 331776K, used 331645K [0x00000000c0000000, 0x00000000d4400000, 0x00000000eab00000)
  object space 331776K, 99% used [0x00000000c0000000,0x00000000d43df7a0,0x00000000d4400000)
 Metaspace       used 91998K, committed 93760K, reserved 1179648K
  class space    used 8893K, committed 9792K, reserved 1048576K
}
Event: 1589.594 GC heap after
{Heap after GC invocations=5440 (full 12):
 PSYoungGen      total 4096K, used 416K [0x00000000eab00000, 0x00000000eb100000, 0x0000000100000000)
  eden space 3584K, 0% used [0x00000000eab00000,0x00000000eab00000,0x00000000eae80000)
  from space 512K, 81% used [0x00000000eb000000,0x00000000eb068000,0x00000000eb080000)
  to   space 512K, 0% used [0x00000000eb080000,0x00000000eb080000,0x00000000eb100000)
 ParOldGen       total 331776K, used 331749K [0x00000000c0000000, 0x00000000d4400000, 0x00000000eab00000)
  object space 331776K, 99% used [0x00000000c0000000,0x00000000d43f97a0,0x00000000d4400000)
 Metaspace       used 91998K, committed 93760K, reserved 1179648K
  class space    used 8893K, committed 9792K, reserved 1048576K
}
Event: 1589.610 GC heap before
{Heap before GC invocations=5441 (full 12):
 PSYoungGen      total 4096K, used 4000K [0x00000000eab00000, 0x00000000eb100000, 0x0000000100000000)
  eden space 3584K, 100% used [0x00000000eab00000,0x00000000eae80000,0x00000000eae80000)
  from space 512K, 81% used [0x00000000eb000000,0x00000000eb068000,0x00000000eb080000)
  to   space 512K, 0% used [0x00000000eb080000,0x00000000eb080000,0x00000000eb100000)
 ParOldGen       total 331776K, used 331749K [0x00000000c0000000, 0x00000000d4400000, 0x00000000eab00000)
  object space 331776K, 99% used [0x00000000c0000000,0x00000000d43f97a0,0x00000000d4400000)
 Metaspace       used 91999K, committed 93760K, reserved 1179648K
  class space    used 8893K, committed 9792K, reserved 1048576K
}
Event: 1589.611 GC heap after
{Heap after GC invocations=5441 (full 12):
 PSYoungGen      total 4096K, used 314K [0x00000000eab00000, 0x00000000eb100000, 0x0000000100000000)
  eden space 3584K, 0% used [0x00000000eab00000,0x00000000eab00000,0x00000000eae80000)
  from space 512K, 61% used [0x00000000eb080000,0x00000000eb0ce900,0x00000000eb100000)
  to   space 512K, 0% used [0x00000000eb000000,0x00000000eb000000,0x00000000eb080000)
 ParOldGen       total 332288K, used 331861K [0x00000000c0000000, 0x00000000d4480000, 0x00000000eab00000)
  object space 332288K, 99% used [0x00000000c0000000,0x00000000d44157a0,0x00000000d4480000)
 Metaspace       used 91999K, committed 93760K, reserved 1179648K
  class space    used 8893K, committed 9792K, reserved 1048576K
}
Event: 1589.650 GC heap before
{Heap before GC invocations=5442 (full 12):
 PSYoungGen      total 4096K, used 3898K [0x00000000eab00000, 0x00000000eb100000, 0x0000000100000000)
  eden space 3584K, 99% used [0x00000000eab00000,0x00000000eae7fff8,0x00000000eae80000)
  from space 512K, 61% used [0x00000000eb080000,0x00000000eb0ce900,0x00000000eb100000)
  to   space 512K, 0% used [0x00000000eb000000,0x00000000eb000000,0x00000000eb080000)
 ParOldGen       total 332288K, used 331861K [0x00000000c0000000, 0x00000000d4480000, 0x00000000eab00000)
  object space 332288K, 99% used [0x00000000c0000000,0x00000000d44157a0,0x00000000d4480000)
 Metaspace       used 91999K, committed 93760K, reserved 1179648K
  class space    used 8893K, committed 9792K, reserved 1048576K
}
Event: 1589.652 GC heap after
{Heap after GC invocations=5442 (full 12):
 PSYoungGen      total 4096K, used 480K [0x00000000eab00000, 0x00000000eb100000, 0x0000000100000000)
  eden space 3584K, 0% used [0x00000000eab00000,0x00000000eab00000,0x00000000eae80000)
  from space 512K, 93% used [0x00000000eb000000,0x00000000eb078020,0x00000000eb080000)
  to   space 512K, 0% used [0x00000000eb080000,0x00000000eb080000,0x00000000eb100000)
 ParOldGen       total 332288K, used 332074K [0x00000000c0000000, 0x00000000d4480000, 0x00000000eab00000)
  object space 332288K, 99% used [0x00000000c0000000,0x00000000d444a9b0,0x00000000d4480000)
 Metaspace       used 91999K, committed 93760K, reserved 1179648K
  class space    used 8893K, committed 9792K, reserved 1048576K
}
Event: 1589.658 GC heap before
{Heap before GC invocations=5443 (full 12):
 PSYoungGen      total 4096K, used 4064K [0x00000000eab00000, 0x00000000eb100000, 0x0000000100000000)
  eden space 3584K, 100% used [0x00000000eab00000,0x00000000eae80000,0x00000000eae80000)
  from space 512K, 93% used [0x00000000eb000000,0x00000000eb078020,0x00000000eb080000)
  to   space 512K, 0% used [0x00000000eb080000,0x00000000eb080000,0x00000000eb100000)
 ParOldGen       total 332288K, used 332074K [0x00000000c0000000, 0x00000000d4480000, 0x00000000eab00000)
  object space 332288K, 99% used [0x00000000c0000000,0x00000000d444a9b0,0x00000000d4480000)
 Metaspace       used 91999K, committed 93760K, reserved 1179648K
  class space    used 8893K, committed 9792K, reserved 1048576K
}
Event: 1589.659 GC heap after
{Heap after GC invocations=5443 (full 12):
 PSYoungGen      total 4096K, used 490K [0x00000000eab00000, 0x00000000eb100000, 0x0000000100000000)
  eden space 3584K, 0% used [0x00000000eab00000,0x00000000eab00000,0x00000000eae80000)
  from space 512K, 95% used [0x00000000eb080000,0x00000000eb0fa910,0x00000000eb100000)
  to   space 1024K, 0% used [0x00000000eaf00000,0x00000000eaf00000,0x00000000eb000000)
 ParOldGen       total 332800K, used 332455K [0x00000000c0000000, 0x00000000d4500000, 0x00000000eab00000)
  object space 332800K, 99% used [0x00000000c0000000,0x00000000d44a9c50,0x00000000d4500000)
 Metaspace       used 91999K, committed 93760K, reserved 1179648K
  class space    used 8893K, committed 9792K, reserved 1048576K
}
Event: 1589.678 GC heap before
{Heap before GC invocations=5444 (full 12):
 PSYoungGen      total 4096K, used 4074K [0x00000000eab00000, 0x00000000eb100000, 0x0000000100000000)
  eden space 3584K, 100% used [0x00000000eab00000,0x00000000eae80000,0x00000000eae80000)
  from space 512K, 95% used [0x00000000eb080000,0x00000000eb0fa910,0x00000000eb100000)
  to   space 1024K, 0% used [0x00000000eaf00000,0x00000000eaf00000,0x00000000eb000000)
 ParOldGen       total 332800K, used 332455K [0x00000000c0000000, 0x00000000d4500000, 0x00000000eab00000)
  object space 332800K, 99% used [0x00000000c0000000,0x00000000d44a9c50,0x00000000d4500000)
 Metaspace       used 92000K, committed 93760K, reserved 1179648K
  class space    used 8893K, committed 9792K, reserved 1048576K
}
Event: 1589.679 GC heap after
{Heap after GC invocations=5444 (full 12):
 PSYoungGen      total 4608K, used 672K [0x00000000eab00000, 0x00000000eb100000, 0x0000000100000000)
  eden space 3584K, 0% used [0x00000000eab00000,0x00000000eab00000,0x00000000eae80000)
  from space 1024K, 65% used [0x00000000eaf00000,0x00000000eafa8000,0x00000000eb000000)
  to   space 1024K, 0% used [0x00000000eb000000,0x00000000eb000000,0x00000000eb100000)
 ParOldGen       total 333312K, used 332811K [0x00000000c0000000, 0x00000000d4580000, 0x00000000eab00000)
  object space 333312K, 99% used [0x00000000c0000000,0x00000000d4502e60,0x00000000d4580000)
 Metaspace       used 92000K, committed 93760K, reserved 1179648K
  class space    used 8893K, committed 9792K, reserved 1048576K
}
Event: 1590.106 GC heap before
{Heap before GC invocations=5445 (full 12):
 PSYoungGen      total 4608K, used 4256K [0x00000000eab00000, 0x00000000eb100000, 0x0000000100000000)
  eden space 3584K, 100% used [0x00000000eab00000,0x00000000eae80000,0x00000000eae80000)
  from space 1024K, 65% used [0x00000000eaf00000,0x00000000eafa8000,0x00000000eb000000)
  to   space 1024K, 0% used [0x00000000eb000000,0x00000000eb000000,0x00000000eb100000)
 ParOldGen       total 333312K, used 332811K [0x00000000c0000000, 0x00000000d4580000, 0x00000000eab00000)
  object space 333312K, 99% used [0x00000000c0000000,0x00000000d4502e60,0x00000000d4580000)
 Metaspace       used 92000K, committed 93760K, reserved 1179648K
  class space    used 8893K, committed 9792K, reserved 1048576K
}
Event: 1590.107 GC heap after
{Heap after GC invocations=5445 (full 12):
 PSYoungGen      total 4608K, used 628K [0x00000000eab00000, 0x00000000eb100000, 0x0000000100000000)
  eden space 3584K, 0% used [0x00000000eab00000,0x00000000eab00000,0x00000000eae80000)
  from space 1024K, 61% used [0x00000000eb000000,0x00000000eb09d200,0x00000000eb100000)
  to   space 1024K, 0% used [0x00000000eaf00000,0x00000000eaf00000,0x00000000eb000000)
 ParOldGen       total 333312K, used 333227K [0x00000000c0000000, 0x00000000d4580000, 0x00000000eab00000)
  object space 333312K, 99% used [0x00000000c0000000,0x00000000d456ae60,0x00000000d4580000)
 Metaspace       used 92000K, committed 93760K, reserved 1179648K
  class space    used 8893K, committed 9792K, reserved 1048576K
}
Event: 1590.110 GC heap before
{Heap before GC invocations=5446 (full 12):
 PSYoungGen      total 4608K, used 4212K [0x00000000eab00000, 0x00000000eb100000, 0x0000000100000000)
  eden space 3584K, 100% used [0x00000000eab00000,0x00000000eae80000,0x00000000eae80000)
  from space 1024K, 61% used [0x00000000eb000000,0x00000000eb09d200,0x00000000eb100000)
  to   space 1024K, 0% used [0x00000000eaf00000,0x00000000eaf00000,0x00000000eb000000)
 ParOldGen       total 333312K, used 333227K [0x00000000c0000000, 0x00000000d4580000, 0x00000000eab00000)
  object space 333312K, 99% used [0x00000000c0000000,0x00000000d456ae60,0x00000000d4580000)
 Metaspace       used 92000K, committed 93760K, reserved 1179648K
  class space    used 8893K, committed 9792K, reserved 1048576K
}
Event: 1590.111 GC heap after
{Heap after GC invocations=5446 (full 12):
 PSYoungGen      total 4608K, used 560K [0x00000000eab00000, 0x00000000eb080000, 0x0000000100000000)
  eden space 3584K, 0% used [0x00000000eab00000,0x00000000eab00000,0x00000000eae80000)
  from space 1024K, 54% used [0x00000000eaf00000,0x00000000eaf8c010,0x00000000eb000000)
  to   space 512K, 0% used [0x00000000eb000000,0x00000000eb000000,0x00000000eb080000)
 ParOldGen       total 333824K, used 333708K [0x00000000c0000000, 0x00000000d4600000, 0x00000000eab00000)
  object space 333824K, 99% used [0x00000000c0000000,0x00000000d45e32e0,0x00000000d4600000)
 Metaspace       used 92000K, committed 93760K, reserved 1179648K
  class space    used 8893K, committed 9792K, reserved 1048576K
}

