# JRE version: OpenJDK Runtime Environment Temurin-21.0.6+7 (21.0.6+7) (build 21.0.6+7-LTS)
# Java VM: OpenJDK 64-Bit Server VM Temurin-21.0.6+7 (21.0.6+7-LTS, mixed mode, sharing, tiered, compressed oops, compressed class ptrs, parallel gc, windows-amd64)
GC Precious Log:
 CardTable entry size: 512
 CPUs: 16 total, 16 available
 Memory: 11992M
 Large Page Support: Disabled
 NUMA Support: Disabled
 Compressed Oops: Enabled (32-bit)
 Alignments: Space 512K, Generation 512K, Heap 2M
 Heap Min Capacity: 100M
 Heap Initial Capacity: 100M
 Heap Max Capacity: 1G
 Pre-touch: Disabled
 Parallel Workers: 13
Heap:
 PSYoungGen      total 5632K, used 1348K [0x00000000eab00000, 0x00000000eb180000, 0x0000000100000000)
  eden space 5120K, 19% used [0x00000000eab00000,0x00000000eabf93b8,0x00000000eb000000)
  from space 512K, 68% used [0x00000000eb080000,0x00000000eb0d8000,0x00000000eb100000)
  to   space 512K, 0% used [0x00000000eb100000,0x00000000eb100000,0x00000000eb180000)
 ParOldGen       total 601088K, used 601015K [0x00000000c0000000, 0x00000000e4b00000, 0x00000000eab00000)
  object space 601088K, 99% used [0x00000000c0000000,0x00000000e4aedc68,0x00000000e4b00000)
 Metaspace       used 90902K, committed 92480K, reserved 1179648K
  class space    used 8918K, committed 9664K, reserved 1048576K
GC Heap History (20 events):
Event: 14063.373 GC heap before
{Heap before GC invocations=5491 (full 10):
 PSYoungGen      total 3072K, used 2752K [0x00000000eab00000, 0x00000000eb180000, 0x0000000100000000)
  eden space 2560K, 100% used [0x00000000eab00000,0x00000000ead80000,0x00000000ead80000)
  from space 512K, 37% used [0x00000000eb080000,0x00000000eb0b0000,0x00000000eb100000)
  to   space 512K, 0% used [0x00000000eb100000,0x00000000eb100000,0x00000000eb180000)
 ParOldGen       total 599552K, used 599134K [0x00000000c0000000, 0x00000000e4980000, 0x00000000eab00000)
  object space 599552K, 99% used [0x00000000c0000000,0x00000000e4917848,0x00000000e4980000)
 Metaspace       used 90888K, committed 92480K, reserved 1179648K
  class space    used 8917K, committed 9664K, reserved 1048576K
}
Event: 14063.376 GC heap after
{Heap after GC invocations=5491 (full 10):
 PSYoungGen      total 3072K, used 448K [0x00000000eab00000, 0x00000000eb180000, 0x0000000100000000)
  eden space 2560K, 0% used [0x00000000eab00000,0x00000000eab00000,0x00000000ead80000)
  from space 512K, 87% used [0x00000000eb100000,0x00000000eb170000,0x00000000eb180000)
  to   space 512K, 0% used [0x00000000eb080000,0x00000000eb080000,0x00000000eb100000)
 ParOldGen       total 599552K, used 599238K [0x00000000c0000000, 0x00000000e4980000, 0x00000000eab00000)
  object space 599552K, 99% used [0x00000000c0000000,0x00000000e4931848,0x00000000e4980000)
 Metaspace       used 90888K, committed 92480K, reserved 1179648K
  class space    used 8917K, committed 9664K, reserved 1048576K
}
Event: 14161.808 GC heap before
{Heap before GC invocations=5492 (full 10):
 PSYoungGen      total 3072K, used 3008K [0x00000000eab00000, 0x00000000eb180000, 0x0000000100000000)
  eden space 2560K, 100% used [0x00000000eab00000,0x00000000ead80000,0x00000000ead80000)
  from space 512K, 87% used [0x00000000eb100000,0x00000000eb170000,0x00000000eb180000)
  to   space 512K, 0% used [0x00000000eb080000,0x00000000eb080000,0x00000000eb100000)
 ParOldGen       total 599552K, used 599238K [0x00000000c0000000, 0x00000000e4980000, 0x00000000eab00000)
  object space 599552K, 99% used [0x00000000c0000000,0x00000000e4931848,0x00000000e4980000)
 Metaspace       used 90888K, committed 92480K, reserved 1179648K
  class space    used 8917K, committed 9664K, reserved 1048576K
}
Event: 14161.813 GC heap after
{Heap after GC invocations=5492 (full 10):
 PSYoungGen      total 3072K, used 442K [0x00000000eab00000, 0x00000000eb180000, 0x0000000100000000)
  eden space 2560K, 0% used [0x00000000eab00000,0x00000000eab00000,0x00000000ead80000)
  from space 512K, 86% used [0x00000000eb080000,0x00000000eb0ee900,0x00000000eb100000)
  to   space 512K, 0% used [0x00000000eb100000,0x00000000eb100000,0x00000000eb180000)
 ParOldGen       total 599552K, used 599526K [0x00000000c0000000, 0x00000000e4980000, 0x00000000eab00000)
  object space 599552K, 99% used [0x00000000c0000000,0x00000000e4979848,0x00000000e4980000)
 Metaspace       used 90888K, committed 92480K, reserved 1179648K
  class space    used 8917K, committed 9664K, reserved 1048576K
}
Event: 14161.819 GC heap before
{Heap before GC invocations=5493 (full 10):
 PSYoungGen      total 3072K, used 3002K [0x00000000eab00000, 0x00000000eb180000, 0x0000000100000000)
  eden space 2560K, 100% used [0x00000000eab00000,0x00000000ead80000,0x00000000ead80000)
  from space 512K, 86% used [0x00000000eb080000,0x00000000eb0ee900,0x00000000eb100000)
  to   space 512K, 0% used [0x00000000eb100000,0x00000000eb100000,0x00000000eb180000)
 ParOldGen       total 599552K, used 599526K [0x00000000c0000000, 0x00000000e4980000, 0x00000000eab00000)
  object space 599552K, 99% used [0x00000000c0000000,0x00000000e4979848,0x00000000e4980000)
 Metaspace       used 90888K, committed 92480K, reserved 1179648K
  class space    used 8917K, committed 9664K, reserved 1048576K
}
Event: 14161.821 GC heap after
{Heap after GC invocations=5493 (full 10):
 PSYoungGen      total 3072K, used 192K [0x00000000eab00000, 0x00000000eb180000, 0x0000000100000000)
  eden space 2560K, 0% used [0x00000000eab00000,0x00000000eab00000,0x00000000ead80000)
  from space 512K, 37% used [0x00000000eb100000,0x00000000eb130000,0x00000000eb180000)
  to   space 512K, 0% used [0x00000000eb080000,0x00000000eb080000,0x00000000eb100000)
 ParOldGen       total 600064K, used 599834K [0x00000000c0000000, 0x00000000e4a00000, 0x00000000eab00000)
  object space 600064K, 99% used [0x00000000c0000000,0x00000000e49c6a48,0x00000000e4a00000)
 Metaspace       used 90888K, committed 92480K, reserved 1179648K
  class space    used 8917K, committed 9664K, reserved 1048576K
}
Event: 14161.843 GC heap before
{Heap before GC invocations=5494 (full 10):
 PSYoungGen      total 3072K, used 2752K [0x00000000eab00000, 0x00000000eb180000, 0x0000000100000000)
  eden space 2560K, 100% used [0x00000000eab00000,0x00000000ead80000,0x00000000ead80000)
  from space 512K, 37% used [0x00000000eb100000,0x00000000eb130000,0x00000000eb180000)
  to   space 512K, 0% used [0x00000000eb080000,0x00000000eb080000,0x00000000eb100000)
 ParOldGen       total 600064K, used 599834K [0x00000000c0000000, 0x00000000e4a00000, 0x00000000eab00000)
  object space 600064K, 99% used [0x00000000c0000000,0x00000000e49c6a48,0x00000000e4a00000)
 Metaspace       used 90888K, committed 92480K, reserved 1179648K
  class space    used 8917K, committed 9664K, reserved 1048576K
}
Event: 14161.847 GC heap after
{Heap after GC invocations=5494 (full 10):
 PSYoungGen      total 3072K, used 442K [0x00000000eab00000, 0x00000000eb180000, 0x0000000100000000)
  eden space 2560K, 0% used [0x00000000eab00000,0x00000000eab00000,0x00000000ead80000)
  from space 512K, 86% used [0x00000000eb080000,0x00000000eb0ee900,0x00000000eb100000)
  to   space 512K, 0% used [0x00000000eb100000,0x00000000eb100000,0x00000000eb180000)
 ParOldGen       total 600064K, used 600034K [0x00000000c0000000, 0x00000000e4a00000, 0x00000000eab00000)
  object space 600064K, 99% used [0x00000000c0000000,0x00000000e49f8a48,0x00000000e4a00000)
 Metaspace       used 90888K, committed 92480K, reserved 1179648K
  class space    used 8917K, committed 9664K, reserved 1048576K
}
Event: 14161.859 GC heap before
{Heap before GC invocations=5495 (full 10):
 PSYoungGen      total 3072K, used 3002K [0x00000000eab00000, 0x00000000eb180000, 0x0000000100000000)
  eden space 2560K, 100% used [0x00000000eab00000,0x00000000ead80000,0x00000000ead80000)
  from space 512K, 86% used [0x00000000eb080000,0x00000000eb0ee900,0x00000000eb100000)
  to   space 512K, 0% used [0x00000000eb100000,0x00000000eb100000,0x00000000eb180000)
 ParOldGen       total 600064K, used 600034K [0x00000000c0000000, 0x00000000e4a00000, 0x00000000eab00000)
  object space 600064K, 99% used [0x00000000c0000000,0x00000000e49f8a48,0x00000000e4a00000)
 Metaspace       used 90888K, committed 92480K, reserved 1179648K
  class space    used 8917K, committed 9664K, reserved 1048576K
}
Event: 14162.873 GC heap after
{Heap after GC invocations=5495 (full 10):
 PSYoungGen      total 3584K, used 288K [0x00000000eab00000, 0x00000000eb180000, 0x0000000100000000)
  eden space 3072K, 0% used [0x00000000eab00000,0x00000000eab00000,0x00000000eae00000)
  from space 512K, 56% used [0x00000000eb100000,0x00000000eb148000,0x00000000eb180000)
  to   space 512K, 0% used [0x00000000eb080000,0x00000000eb080000,0x00000000eb100000)
 ParOldGen       total 600576K, used 600447K [0x00000000c0000000, 0x00000000e4a80000, 0x00000000eab00000)
  object space 600576K, 99% used [0x00000000c0000000,0x00000000e4a5fc48,0x00000000e4a80000)
 Metaspace       used 90888K, committed 92480K, reserved 1179648K
  class space    used 8917K, committed 9664K, reserved 1048576K
}
Event: 14162.886 GC heap before
{Heap before GC invocations=5496 (full 10):
 PSYoungGen      total 3584K, used 3359K [0x00000000eab00000, 0x00000000eb180000, 0x0000000100000000)
  eden space 3072K, 99% used [0x00000000eab00000,0x00000000eadfffb8,0x00000000eae00000)
  from space 512K, 56% used [0x00000000eb100000,0x00000000eb148000,0x00000000eb180000)
  to   space 512K, 0% used [0x00000000eb080000,0x00000000eb080000,0x00000000eb100000)
 ParOldGen       total 600576K, used 600447K [0x00000000c0000000, 0x00000000e4a80000, 0x00000000eab00000)
  object space 600576K, 99% used [0x00000000c0000000,0x00000000e4a5fc48,0x00000000e4a80000)
 Metaspace       used 90888K, committed 92480K, reserved 1179648K
  class space    used 8917K, committed 9664K, reserved 1048576K
}
Event: 14162.889 GC heap after
{Heap after GC invocations=5496 (full 10):
 PSYoungGen      total 4608K, used 410K [0x00000000eab00000, 0x00000000eb180000, 0x0000000100000000)
  eden space 4096K, 0% used [0x00000000eab00000,0x00000000eab00000,0x00000000eaf00000)
  from space 512K, 80% used [0x00000000eb080000,0x00000000eb0e6920,0x00000000eb100000)
  to   space 512K, 0% used [0x00000000eb100000,0x00000000eb100000,0x00000000eb180000)
 ParOldGen       total 601088K, used 600631K [0x00000000c0000000, 0x00000000e4b00000, 0x00000000eab00000)
  object space 601088K, 99% used [0x00000000c0000000,0x00000000e4a8dc48,0x00000000e4b00000)
 Metaspace       used 90888K, committed 92480K, reserved 1179648K
  class space    used 8917K, committed 9664K, reserved 1048576K
}
Event: 14162.932 GC heap before
{Heap before GC invocations=5497 (full 10):
 PSYoungGen      total 4608K, used 4457K [0x00000000eab00000, 0x00000000eb180000, 0x0000000100000000)
  eden space 4096K, 98% used [0x00000000eab00000,0x00000000eaef3ea8,0x00000000eaf00000)
  from space 512K, 80% used [0x00000000eb080000,0x00000000eb0e6920,0x00000000eb100000)
  to   space 512K, 0% used [0x00000000eb100000,0x00000000eb100000,0x00000000eb180000)
 ParOldGen       total 601088K, used 600631K [0x00000000c0000000, 0x00000000e4b00000, 0x00000000eab00000)
  object space 601088K, 99% used [0x00000000c0000000,0x00000000e4a8dc48,0x00000000e4b00000)
 Metaspace       used 90888K, committed 92480K, reserved 1179648K
  class space    used 8917K, committed 9664K, reserved 1048576K
}
Event: 14162.934 GC heap after
{Heap after GC invocations=5497 (full 10):
 PSYoungGen      total 5632K, used 256K [0x00000000eab00000, 0x00000000eb180000, 0x0000000100000000)
  eden space 5120K, 0% used [0x00000000eab00000,0x00000000eab00000,0x00000000eb000000)
  from space 512K, 50% used [0x00000000eb100000,0x00000000eb140000,0x00000000eb180000)
  to   space 512K, 0% used [0x00000000eb080000,0x00000000eb080000,0x00000000eb100000)
 ParOldGen       total 601088K, used 600831K [0x00000000c0000000, 0x00000000e4b00000, 0x00000000eab00000)
  object space 601088K, 99% used [0x00000000c0000000,0x00000000e4abfc68,0x00000000e4b00000)
 Metaspace       used 90888K, committed 92480K, reserved 1179648K
  class space    used 8917K, committed 9664K, reserved 1048576K
}
Event: 14165.929 GC heap before
{Heap before GC invocations=5498 (full 10):
 PSYoungGen      total 5632K, used 5376K [0x00000000eab00000, 0x00000000eb180000, 0x0000000100000000)
  eden space 5120K, 100% used [0x00000000eab00000,0x00000000eb000000,0x00000000eb000000)
  from space 512K, 50% used [0x00000000eb100000,0x00000000eb140000,0x00000000eb180000)
  to   space 512K, 0% used [0x00000000eb080000,0x00000000eb080000,0x00000000eb100000)
 ParOldGen       total 601088K, used 600831K [0x00000000c0000000, 0x00000000e4b00000, 0x00000000eab00000)
  object space 601088K, 99% used [0x00000000c0000000,0x00000000e4abfc68,0x00000000e4b00000)
 Metaspace       used 90902K, committed 92480K, reserved 1179648K
  class space    used 8918K, committed 9664K, reserved 1048576K
}
Event: 14165.930 GC heap after
{Heap after GC invocations=5498 (full 10):
 PSYoungGen      total 5632K, used 384K [0x00000000eab00000, 0x00000000eb180000, 0x0000000100000000)
  eden space 5120K, 0% used [0x00000000eab00000,0x00000000eab00000,0x00000000eb000000)
  from space 512K, 75% used [0x00000000eb080000,0x00000000eb0e0000,0x00000000eb100000)
  to   space 512K, 0% used [0x00000000eb100000,0x00000000eb100000,0x00000000eb180000)
 ParOldGen       total 601088K, used 600911K [0x00000000c0000000, 0x00000000e4b00000, 0x00000000eab00000)
  object space 601088K, 99% used [0x00000000c0000000,0x00000000e4ad3c68,0x00000000e4b00000)
 Metaspace       used 90902K, committed 92480K, reserved 1179648K
  class space    used 8918K, committed 9664K, reserved 1048576K
}
Event: 14165.941 GC heap before
{Heap before GC invocations=5499 (full 10):
 PSYoungGen      total 5632K, used 5504K [0x00000000eab00000, 0x00000000eb180000, 0x0000000100000000)
  eden space 5120K, 100% used [0x00000000eab00000,0x00000000eb000000,0x00000000eb000000)
  from space 512K, 75% used [0x00000000eb080000,0x00000000eb0e0000,0x00000000eb100000)
  to   space 512K, 0% used [0x00000000eb100000,0x00000000eb100000,0x00000000eb180000)
 ParOldGen       total 601088K, used 600911K [0x00000000c0000000, 0x00000000e4b00000, 0x00000000eab00000)
  object space 601088K, 99% used [0x00000000c0000000,0x00000000e4ad3c68,0x00000000e4b00000)
 Metaspace       used 90902K, committed 92480K, reserved 1179648K
  class space    used 8918K, committed 9664K, reserved 1048576K
}
Event: 14165.942 GC heap after
{Heap after GC invocations=5499 (full 10):
 PSYoungGen      total 5632K, used 384K [0x00000000eab00000, 0x00000000eb180000, 0x0000000100000000)
  eden space 5120K, 0% used [0x00000000eab00000,0x00000000eab00000,0x00000000eb000000)
  from space 512K, 75% used [0x00000000eb100000,0x00000000eb160000,0x00000000eb180000)
  to   space 512K, 0% used [0x00000000eb080000,0x00000000eb080000,0x00000000eb100000)
 ParOldGen       total 601088K, used 600999K [0x00000000c0000000, 0x00000000e4b00000, 0x00000000eab00000)
  object space 601088K, 99% used [0x00000000c0000000,0x00000000e4ae9c68,0x00000000e4b00000)
 Metaspace       used 90902K, committed 92480K, reserved 1179648K
  class space    used 8918K, committed 9664K, reserved 1048576K
}
Event: 14167.132 GC heap before
{Heap before GC invocations=5500 (full 10):
 PSYoungGen      total 5632K, used 5504K [0x00000000eab00000, 0x00000000eb180000, 0x0000000100000000)
  eden space 5120K, 100% used [0x00000000eab00000,0x00000000eb000000,0x00000000eb000000)
  from space 512K, 75% used [0x00000000eb100000,0x00000000eb160000,0x00000000eb180000)
  to   space 512K, 0% used [0x00000000eb080000,0x00000000eb080000,0x00000000eb100000)
 ParOldGen       total 601088K, used 600999K [0x00000000c0000000, 0x00000000e4b00000, 0x00000000eab00000)
  object space 601088K, 99% used [0x00000000c0000000,0x00000000e4ae9c68,0x00000000e4b00000)
 Metaspace       used 90902K, committed 92480K, reserved 1179648K
  class space    used 8918K, committed 9664K, reserved 1048576K
}
Event: 14167.134 GC heap after
{Heap after GC invocations=5500 (full 10):
 PSYoungGen      total 5632K, used 352K [0x00000000eab00000, 0x00000000eb180000, 0x0000000100000000)
  eden space 5120K, 0% used [0x00000000eab00000,0x00000000eab00000,0x00000000eb000000)
  from space 512K, 68% used [0x00000000eb080000,0x00000000eb0d8000,0x00000000eb100000)
  to   space 512K, 0% used [0x00000000eb100000,0x00000000eb100000,0x00000000eb180000)
 ParOldGen       total 601088K, used 601015K [0x00000000c0000000, 0x00000000e4b00000, 0x00000000eab00000)
  object space 601088K, 99% used [0x00000000c0000000,0x00000000e4aedc68,0x00000000e4b00000)
 Metaspace       used 90902K, committed 92480K, reserved 1179648K
  class space    used 8918K, committed 9664K, reserved 1048576K
}

