# JRE version: Java(TM) SE Runtime Environment (17.0.10+11) (build 17.0.10+11-LTS-240)
# Java VM: Java HotSpot(TM) 64-Bit Server VM (17.0.10+11-LTS-240, mixed mode, emulated-client, sharing, tiered, compressed oops, compressed class ptrs, g1 gc, windows-amd64)
GC Precious Log:
 CPUs: 16 total, 16 available
 Memory: 11992M
 Large Page Support: Disabled
 NUMA Support: Disabled
 Compressed Oops: Enabled (Zero based)
 Heap Region Size: 2M
 Heap Min Capacity: 8M
 Heap Initial Capacity: 188M
 Heap Max Capacity: 3000M
 Pre-touch: Disabled
 Parallel Workers: 13
 Concurrent Workers: 3
 Concurrent Refinement Workers: 13
 Periodic GC: Disabled
Heap:
 garbage-first heap   total 196608K, used 88011K [0x0000000744800000, 0x0000000800000000)
  region size 2048K, 20 young (40960K), 4 survivors (8192K)
 Metaspace       used 113519K, committed 114880K, reserved 1179648K
  class space    used 14909K, committed 15552K, reserved 1048576K
GC Heap History (20 events):
Event: 456.050 GC heap before
{Heap before GC invocations=96 (full 16):
 garbage-first heap   total 178176K, used 138930K [0x0000000744800000, 0x0000000800000000)
  region size 2048K, 45 young (92160K), 4 survivors (8192K)
 Metaspace       used 109006K, committed 110144K, reserved 1179648K
  class space    used 14429K, committed 14976K, reserved 1048576K
}
Event: 456.055 GC heap after
{Heap after GC invocations=97 (full 16):
 garbage-first heap   total 178176K, used 58128K [0x0000000744800000, 0x0000000800000000)
  region size 2048K, 5 young (10240K), 5 survivors (10240K)
 Metaspace       used 109006K, committed 110144K, reserved 1179648K
  class space    used 14429K, committed 14976K, reserved 1048576K
}
Event: 456.173 GC heap before
{Heap before GC invocations=97 (full 16):
 garbage-first heap   total 178176K, used 140048K [0x0000000744800000, 0x0000000800000000)
  region size 2048K, 45 young (92160K), 5 survivors (10240K)
 Metaspace       used 109334K, committed 110464K, reserved 1179648K
  class space    used 14449K, committed 14976K, reserved 1048576K
}
Event: 456.180 GC heap after
{Heap after GC invocations=98 (full 16):
 garbage-first heap   total 178176K, used 59299K [0x0000000744800000, 0x0000000800000000)
  region size 2048K, 3 young (6144K), 3 survivors (6144K)
 Metaspace       used 109334K, committed 110464K, reserved 1179648K
  class space    used 14449K, committed 14976K, reserved 1048576K
}
Event: 480.746 GC heap before
{Heap before GC invocations=98 (full 16):
 garbage-first heap   total 178176K, used 122787K [0x0000000744800000, 0x0000000800000000)
  region size 2048K, 35 young (71680K), 3 survivors (6144K)
 Metaspace       used 110001K, committed 111360K, reserved 1179648K
  class space    used 14571K, committed 15232K, reserved 1048576K
}
Event: 480.812 GC heap after
{Heap after GC invocations=99 (full 17):
 garbage-first heap   total 178176K, used 43305K [0x0000000744800000, 0x0000000800000000)
  region size 2048K, 0 young (0K), 0 survivors (0K)
 Metaspace       used 109985K, committed 111360K, reserved 1179648K
  class space    used 14568K, committed 15232K, reserved 1048576K
}
Event: 481.628 GC heap before
{Heap before GC invocations=99 (full 17):
 garbage-first heap   total 178176K, used 135465K [0x0000000744800000, 0x0000000800000000)
  region size 2048K, 45 young (92160K), 0 survivors (0K)
 Metaspace       used 110804K, committed 112128K, reserved 1179648K
  class space    used 14665K, committed 15296K, reserved 1048576K
}
Event: 481.631 GC heap after
{Heap after GC invocations=100 (full 17):
 garbage-first heap   total 178176K, used 49840K [0x0000000744800000, 0x0000000800000000)
  region size 2048K, 4 young (8192K), 4 survivors (8192K)
 Metaspace       used 110804K, committed 112128K, reserved 1179648K
  class space    used 14665K, committed 15296K, reserved 1048576K
}
Event: 481.793 GC heap before
{Heap before GC invocations=100 (full 17):
 garbage-first heap   total 178176K, used 133808K [0x0000000744800000, 0x0000000800000000)
  region size 2048K, 45 young (92160K), 4 survivors (8192K)
 Metaspace       used 111269K, committed 112640K, reserved 1179648K
  class space    used 14702K, committed 15360K, reserved 1048576K
}
Event: 481.796 GC heap after
{Heap after GC invocations=101 (full 17):
 garbage-first heap   total 178176K, used 53083K [0x0000000744800000, 0x0000000800000000)
  region size 2048K, 5 young (10240K), 5 survivors (10240K)
 Metaspace       used 111269K, committed 112640K, reserved 1179648K
  class space    used 14702K, committed 15360K, reserved 1048576K
}
Event: 481.937 GC heap before
{Heap before GC invocations=101 (full 17):
 garbage-first heap   total 178176K, used 135003K [0x0000000744800000, 0x0000000800000000)
  region size 2048K, 45 young (92160K), 5 survivors (10240K)
 Metaspace       used 111620K, committed 112960K, reserved 1179648K
  class space    used 14723K, committed 15360K, reserved 1048576K
}
Event: 481.942 GC heap after
{Heap after GC invocations=102 (full 17):
 garbage-first heap   total 178176K, used 54515K [0x0000000744800000, 0x0000000800000000)
  region size 2048K, 3 young (6144K), 3 survivors (6144K)
 Metaspace       used 111620K, committed 112960K, reserved 1179648K
  class space    used 14723K, committed 15360K, reserved 1048576K
}
Event: 484.680 GC heap before
{Heap before GC invocations=102 (full 17):
 garbage-first heap   total 178176K, used 97523K [0x0000000744800000, 0x0000000800000000)
  region size 2048K, 25 young (51200K), 3 survivors (6144K)
 Metaspace       used 111770K, committed 113088K, reserved 1179648K
  class space    used 14741K, committed 15360K, reserved 1048576K
}
Event: 484.739 GC heap after
{Heap after GC invocations=103 (full 18):
 garbage-first heap   total 163840K, used 44487K [0x0000000744800000, 0x0000000800000000)
  region size 2048K, 0 young (0K), 0 survivors (0K)
 Metaspace       used 111755K, committed 113088K, reserved 1179648K
  class space    used 14738K, committed 15360K, reserved 1048576K
}
Event: 485.085 GC heap before
{Heap before GC invocations=103 (full 18):
 garbage-first heap   total 163840K, used 130503K [0x0000000744800000, 0x0000000800000000)
  region size 2048K, 42 young (86016K), 0 survivors (0K)
 Metaspace       used 112512K, committed 113856K, reserved 1179648K
  class space    used 14828K, committed 15488K, reserved 1048576K
}
Event: 485.088 GC heap after
{Heap after GC invocations=104 (full 18):
 garbage-first heap   total 196608K, used 50626K [0x0000000744800000, 0x0000000800000000)
  region size 2048K, 3 young (6144K), 3 survivors (6144K)
 Metaspace       used 112512K, committed 113856K, reserved 1179648K
  class space    used 14828K, committed 15488K, reserved 1048576K
}
Event: 485.296 GC heap before
{Heap before GC invocations=104 (full 18):
 garbage-first heap   total 196608K, used 153026K [0x0000000744800000, 0x0000000800000000)
  region size 2048K, 53 young (108544K), 3 survivors (6144K)
 Metaspace       used 113062K, committed 114368K, reserved 1179648K
  class space    used 14874K, committed 15488K, reserved 1048576K
}
Event: 485.299 GC heap after
{Heap after GC invocations=105 (full 18):
 garbage-first heap   total 196608K, used 54330K [0x0000000744800000, 0x0000000800000000)
  region size 2048K, 5 young (10240K), 5 survivors (10240K)
 Metaspace       used 113062K, committed 114368K, reserved 1179648K
  class space    used 14874K, committed 15488K, reserved 1048576K
}
Event: 485.537 GC heap before
{Heap before GC invocations=105 (full 18):
 garbage-first heap   total 196608K, used 152634K [0x0000000744800000, 0x0000000800000000)
  region size 2048K, 53 young (108544K), 5 survivors (10240K)
 Metaspace       used 113516K, committed 114816K, reserved 1179648K
  class space    used 14909K, committed 15552K, reserved 1048576K
}
Event: 485.543 GC heap after
{Heap after GC invocations=106 (full 18):
 garbage-first heap   total 196608K, used 57291K [0x0000000744800000, 0x0000000800000000)
  region size 2048K, 4 young (8192K), 4 survivors (8192K)
 Metaspace       used 113516K, committed 114816K, reserved 1179648K
  class space    used 14909K, committed 15552K, reserved 1048576K
}

