# JRE version: Java(TM) SE Runtime Environment (17.0.10+11) (build 17.0.10+11-LTS-240)
# Java VM: Java HotSpot(TM) 64-Bit Server VM (17.0.10+11-LTS-240, mixed mode, emulated-client, sharing, tiered, compressed oops, compressed class ptrs, g1 gc, windows-amd64)
GC Precious Log:
 CPUs: 16 total, 16 available
 Memory: 11992M
 Large Page Support: Disabled
 NUMA Support: Disabled
 Compressed Oops: Enabled (Zero based)
 Heap Region Size: 2M
 Heap Min Capacity: 8M
 Heap Initial Capacity: 188M
 Heap Max Capacity: 3000M
 Pre-touch: Disabled
 Parallel Workers: 13
 Concurrent Workers: 3
 Concurrent Refinement Workers: 13
 Periodic GC: Disabled
Heap:
 garbage-first heap   total 552960K, used 172752K [0x0000000744800000, 0x0000000800000000)
  region size 2048K, 59 young (120832K), 5 survivors (10240K)
 Metaspace       used 124193K, committed 125696K, reserved 1179648K
  class space    used 15756K, committed 16512K, reserved 1048576K
GC Heap History (20 events):
Event: 279.512 GC heap before
{Heap before GC invocations=121 (full 24):
 garbage-first heap   total 192512K, used 148352K [0x0000000744800000, 0x0000000800000000)
  region size 2048K, 46 young (94208K), 0 survivors (0K)
 Metaspace       used 119575K, committed 121024K, reserved 1179648K
  class space    used 15330K, committed 16064K, reserved 1048576K
}
Event: 279.515 GC heap after
{Heap after GC invocations=122 (full 24):
 garbage-first heap   total 231424K, used 62434K [0x0000000744800000, 0x0000000800000000)
  region size 2048K, 4 young (8192K), 4 survivors (8192K)
 Metaspace       used 119575K, committed 121024K, reserved 1179648K
  class space    used 15330K, committed 16064K, reserved 1048576K
}
Event: 279.706 GC heap before
{Heap before GC invocations=122 (full 24):
 garbage-first heap   total 231424K, used 177122K [0x0000000744800000, 0x0000000800000000)
  region size 2048K, 60 young (122880K), 4 survivors (8192K)
 Metaspace       used 120118K, committed 121600K, reserved 1179648K
  class space    used 15371K, committed 16128K, reserved 1048576K
}
Event: 279.710 GC heap after
{Heap after GC invocations=123 (full 24):
 garbage-first heap   total 231424K, used 66066K [0x0000000744800000, 0x0000000800000000)
  region size 2048K, 5 young (10240K), 5 survivors (10240K)
 Metaspace       used 120118K, committed 121600K, reserved 1179648K
  class space    used 15371K, committed 16128K, reserved 1048576K
}
Event: 308.129 GC heap before
{Heap before GC invocations=123 (full 24):
 garbage-first heap   total 231424K, used 180754K [0x0000000744800000, 0x0000000800000000)
  region size 2048K, 61 young (124928K), 5 survivors (10240K)
 Metaspace       used 120559K, committed 121984K, reserved 1179648K
  class space    used 15406K, committed 16128K, reserved 1048576K
}
Event: 308.134 GC heap after
{Heap after GC invocations=124 (full 24):
 garbage-first heap   total 231424K, used 67143K [0x0000000744800000, 0x0000000800000000)
  region size 2048K, 4 young (8192K), 4 survivors (8192K)
 Metaspace       used 120559K, committed 121984K, reserved 1179648K
  class space    used 15406K, committed 16128K, reserved 1048576K
}
Event: 341.998 GC heap before
{Heap before GC invocations=124 (full 24):
 garbage-first heap   total 231424K, used 101959K [0x0000000744800000, 0x0000000800000000)
  region size 2048K, 22 young (45056K), 4 survivors (8192K)
 Metaspace       used 120562K, committed 121984K, reserved 1179648K
  class space    used 15407K, committed 16128K, reserved 1048576K
}
Event: 342.052 GC heap after
{Heap after GC invocations=125 (full 25):
 garbage-first heap   total 204800K, used 57392K [0x0000000744800000, 0x0000000800000000)
  region size 2048K, 0 young (0K), 0 survivors (0K)
 Metaspace       used 120539K, committed 121984K, reserved 1179648K
  class space    used 15403K, committed 16128K, reserved 1048576K
}
Event: 342.409 GC heap before
{Heap before GC invocations=125 (full 25):
 garbage-first heap   total 204800K, used 163888K [0x0000000744800000, 0x0000000800000000)
  region size 2048K, 52 young (106496K), 0 survivors (0K)
 Metaspace       used 121483K, committed 122944K, reserved 1179648K
  class space    used 15515K, committed 16256K, reserved 1048576K
}
Event: 342.412 GC heap after
{Heap after GC invocations=126 (full 25):
 garbage-first heap   total 204800K, used 64128K [0x0000000744800000, 0x0000000800000000)
  region size 2048K, 4 young (8192K), 4 survivors (8192K)
 Metaspace       used 121483K, committed 122944K, reserved 1179648K
  class space    used 15515K, committed 16256K, reserved 1048576K
}
Event: 342.577 GC heap before
{Heap before GC invocations=126 (full 25):
 garbage-first heap   total 204800K, used 162432K [0x0000000744800000, 0x0000000800000000)
  region size 2048K, 52 young (106496K), 4 survivors (8192K)
 Metaspace       used 121903K, committed 123328K, reserved 1179648K
  class space    used 15543K, committed 16256K, reserved 1048576K
}
Event: 342.580 GC heap after
{Heap after GC invocations=127 (full 25):
 garbage-first heap   total 204800K, used 67290K [0x0000000744800000, 0x0000000800000000)
  region size 2048K, 5 young (10240K), 5 survivors (10240K)
 Metaspace       used 121903K, committed 123328K, reserved 1179648K
  class space    used 15543K, committed 16256K, reserved 1048576K
}
Event: 346.483 GC heap before
{Heap before GC invocations=127 (full 25):
 garbage-first heap   total 204800K, used 165594K [0x0000000744800000, 0x0000000800000000)
  region size 2048K, 53 young (108544K), 5 survivors (10240K)
 Metaspace       used 122380K, committed 123840K, reserved 1179648K
  class space    used 15582K, committed 16320K, reserved 1048576K
}
Event: 346.487 GC heap after
{Heap after GC invocations=128 (full 25):
 garbage-first heap   total 204800K, used 66522K [0x0000000744800000, 0x0000000800000000)
  region size 2048K, 3 young (6144K), 3 survivors (6144K)
 Metaspace       used 122380K, committed 123840K, reserved 1179648K
  class space    used 15582K, committed 16320K, reserved 1048576K
}
Event: 346.492 GC heap before
{Heap before GC invocations=128 (full 25):
 garbage-first heap   total 204800K, used 66522K [0x0000000744800000, 0x0000000800000000)
  region size 2048K, 4 young (8192K), 3 survivors (6144K)
 Metaspace       used 122380K, committed 123840K, reserved 1179648K
  class space    used 15582K, committed 16320K, reserved 1048576K
}
Event: 346.565 GC heap after
{Heap after GC invocations=129 (full 26):
 garbage-first heap   total 198656K, used 54424K [0x0000000744800000, 0x0000000800000000)
  region size 2048K, 0 young (0K), 0 survivors (0K)
 Metaspace       used 122358K, committed 123840K, reserved 1179648K
  class space    used 15579K, committed 16320K, reserved 1048576K
}
Event: 347.003 GC heap before
{Heap before GC invocations=129 (full 26):
 garbage-first heap   total 198656K, used 158872K [0x0000000744800000, 0x0000000800000000)
  region size 2048K, 51 young (104448K), 0 survivors (0K)
 Metaspace       used 123265K, committed 124736K, reserved 1179648K
  class space    used 15686K, committed 16448K, reserved 1048576K
}
Event: 347.008 GC heap after
{Heap after GC invocations=130 (full 26):
 garbage-first heap   total 198656K, used 61115K [0x0000000744800000, 0x0000000800000000)
  region size 2048K, 4 young (8192K), 4 survivors (8192K)
 Metaspace       used 123265K, committed 124736K, reserved 1179648K
  class space    used 15686K, committed 16448K, reserved 1048576K
}
Event: 347.278 GC heap before
{Heap before GC invocations=130 (full 26):
 garbage-first heap   total 198656K, used 157371K [0x0000000744800000, 0x0000000800000000)
  region size 2048K, 51 young (104448K), 4 survivors (8192K)
 Metaspace       used 123684K, committed 125120K, reserved 1179648K
  class space    used 15716K, committed 16448K, reserved 1048576K
}
Event: 347.642 GC heap after
{Heap after GC invocations=131 (full 26):
 garbage-first heap   total 552960K, used 64208K [0x0000000744800000, 0x0000000800000000)
  region size 2048K, 5 young (10240K), 5 survivors (10240K)
 Metaspace       used 123684K, committed 125120K, reserved 1179648K
  class space    used 15716K, committed 16448K, reserved 1048576K
}

