# JRE version: Java(TM) SE Runtime Environment (17.0.10+11) (build 17.0.10+11-LTS-240)
# Java VM: Java HotSpot(TM) 64-Bit Server VM (17.0.10+11-LTS-240, mixed mode, emulated-client, sharing, tiered, compressed oops, compressed class ptrs, g1 gc, windows-amd64)
GC Precious Log:
 CPUs: 16 total, 16 available
 Memory: 11992M
 Large Page Support: Disabled
 NUMA Support: Disabled
 Compressed Oops: Enabled (Zero based)
 Heap Region Size: 2M
 Heap Min Capacity: 8M
 Heap Initial Capacity: 188M
 Heap Max Capacity: 3000M
 Pre-touch: Disabled
 Parallel Workers: 13
 Concurrent Workers: 3
 Concurrent Refinement Workers: 13
 Periodic GC: Disabled
Heap:
 garbage-first heap   total 178176K, used 64293K [0x0000000744800000, 0x0000000800000000)
  region size 2048K, 5 young (10240K), 5 survivors (10240K)
 Metaspace       used 110570K, committed 111936K, reserved 1179648K
  class space    used 14594K, committed 15296K, reserved 1048576K
GC Heap History (20 events):
Event: 415.829 GC heap after
{Heap after GC invocations=88 (full 14):
 garbage-first heap   total 215040K, used 53182K [0x0000000744800000, 0x0000000800000000)
  region size 2048K, 3 young (6144K), 3 survivors (6144K)
 Metaspace       used 103979K, committed 104896K, reserved 1179648K
  class space    used 13817K, committed 14272K, reserved 1048576K
}
Event: 416.052 GC heap before
{Heap before GC invocations=88 (full 14):
 garbage-first heap   total 215040K, used 163774K [0x0000000744800000, 0x0000000800000000)
  region size 2048K, 57 young (116736K), 3 survivors (6144K)
 Metaspace       used 104479K, committed 105344K, reserved 1179648K
  class space    used 13856K, committed 14272K, reserved 1048576K
}
Event: 416.057 GC heap after
{Heap after GC invocations=89 (full 14):
 garbage-first heap   total 215040K, used 57094K [0x0000000744800000, 0x0000000800000000)
  region size 2048K, 5 young (10240K), 5 survivors (10240K)
 Metaspace       used 104479K, committed 105344K, reserved 1179648K
  class space    used 13856K, committed 14272K, reserved 1048576K
}
Event: 422.193 GC heap before
{Heap before GC invocations=89 (full 14):
 garbage-first heap   total 215040K, used 161542K [0x0000000744800000, 0x0000000800000000)
  region size 2048K, 57 young (116736K), 5 survivors (10240K)
 Metaspace       used 105001K, committed 105920K, reserved 1179648K
  class space    used 13897K, committed 14336K, reserved 1048576K
}
Event: 422.250 GC heap after
{Heap after GC invocations=90 (full 15):
 garbage-first heap   total 178176K, used 48302K [0x0000000744800000, 0x0000000800000000)
  region size 2048K, 0 young (0K), 0 survivors (0K)
 Metaspace       used 104979K, committed 105920K, reserved 1179648K
  class space    used 13893K, committed 14336K, reserved 1048576K
}
Event: 422.691 GC heap before
{Heap before GC invocations=90 (full 15):
 garbage-first heap   total 178176K, used 140462K [0x0000000744800000, 0x0000000800000000)
  region size 2048K, 45 young (92160K), 0 survivors (0K)
 Metaspace       used 105885K, committed 106816K, reserved 1179648K
  class space    used 14009K, committed 14464K, reserved 1048576K
}
Event: 422.693 GC heap after
{Heap after GC invocations=91 (full 15):
 garbage-first heap   total 178176K, used 54879K [0x0000000744800000, 0x0000000800000000)
  region size 2048K, 4 young (8192K), 4 survivors (8192K)
 Metaspace       used 105885K, committed 106816K, reserved 1179648K
  class space    used 14009K, committed 14464K, reserved 1048576K
}
Event: 422.901 GC heap before
{Heap before GC invocations=91 (full 15):
 garbage-first heap   total 178176K, used 138847K [0x0000000744800000, 0x0000000800000000)
  region size 2048K, 45 young (92160K), 4 survivors (8192K)
 Metaspace       used 106361K, committed 107328K, reserved 1179648K
  class space    used 14048K, committed 14528K, reserved 1048576K
}
Event: 422.905 GC heap after
{Heap after GC invocations=92 (full 15):
 garbage-first heap   total 178176K, used 58031K [0x0000000744800000, 0x0000000800000000)
  region size 2048K, 5 young (10240K), 5 survivors (10240K)
 Metaspace       used 106361K, committed 107328K, reserved 1179648K
  class space    used 14048K, committed 14528K, reserved 1048576K
}
Event: 423.110 GC heap before
{Heap before GC invocations=92 (full 15):
 garbage-first heap   total 178176K, used 139951K [0x0000000744800000, 0x0000000800000000)
  region size 2048K, 45 young (92160K), 5 survivors (10240K)
 Metaspace       used 106717K, committed 107648K, reserved 1179648K
  class space    used 14070K, committed 14528K, reserved 1048576K
}
Event: 423.116 GC heap after
{Heap after GC invocations=93 (full 15):
 garbage-first heap   total 178176K, used 59619K [0x0000000744800000, 0x0000000800000000)
  region size 2048K, 3 young (6144K), 3 survivors (6144K)
 Metaspace       used 106717K, committed 107648K, reserved 1179648K
  class space    used 14070K, committed 14528K, reserved 1048576K
}
Event: 425.076 GC heap before
{Heap before GC invocations=93 (full 15):
 garbage-first heap   total 178176K, used 102627K [0x0000000744800000, 0x0000000800000000)
  region size 2048K, 25 young (51200K), 3 survivors (6144K)
 Metaspace       used 106932K, committed 107904K, reserved 1179648K
  class space    used 14092K, committed 14592K, reserved 1048576K
}
Event: 425.191 GC heap after
{Heap after GC invocations=94 (full 16):
 garbage-first heap   total 178176K, used 48760K [0x0000000744800000, 0x0000000800000000)
  region size 2048K, 0 young (0K), 0 survivors (0K)
 Metaspace       used 106909K, committed 107904K, reserved 1179648K
  class space    used 14089K, committed 14592K, reserved 1048576K
}
Event: 426.997 GC heap before
{Heap before GC invocations=94 (full 16):
 garbage-first heap   total 178176K, used 138872K [0x0000000744800000, 0x0000000800000000)
  region size 2048K, 44 young (90112K), 0 survivors (0K)
 Metaspace       used 108331K, committed 109440K, reserved 1179648K
  class space    used 14299K, committed 14848K, reserved 1048576K
}
Event: 427.001 GC heap after
{Heap after GC invocations=95 (full 16):
 garbage-first heap   total 178176K, used 55583K [0x0000000744800000, 0x0000000800000000)
  region size 2048K, 4 young (8192K), 4 survivors (8192K)
 Metaspace       used 108331K, committed 109440K, reserved 1179648K
  class space    used 14299K, committed 14848K, reserved 1048576K
}
Event: 427.171 GC heap before
{Heap before GC invocations=95 (full 16):
 garbage-first heap   total 178176K, used 137503K [0x0000000744800000, 0x0000000800000000)
  region size 2048K, 44 young (90112K), 4 survivors (8192K)
 Metaspace       used 108867K, committed 110016K, reserved 1179648K
  class space    used 14347K, committed 14912K, reserved 1048576K
}
Event: 427.175 GC heap after
{Heap after GC invocations=96 (full 16):
 garbage-first heap   total 178176K, used 58504K [0x0000000744800000, 0x0000000800000000)
  region size 2048K, 2 young (4096K), 2 survivors (4096K)
 Metaspace       used 108867K, committed 110016K, reserved 1179648K
  class space    used 14347K, committed 14912K, reserved 1048576K
}
Event: 427.284 GC heap before
{Heap before GC invocations=96 (full 16):
 garbage-first heap   total 178176K, used 138376K [0x0000000744800000, 0x0000000800000000)
  region size 2048K, 41 young (83968K), 2 survivors (4096K)
 Metaspace       used 109110K, committed 110272K, reserved 1179648K
  class space    used 14362K, committed 14912K, reserved 1048576K
}
Event: 427.288 GC heap after
{Heap after GC invocations=97 (full 16):
 garbage-first heap   total 178176K, used 59477K [0x0000000744800000, 0x0000000800000000)
  region size 2048K, 3 young (6144K), 3 survivors (6144K)
 Metaspace       used 109110K, committed 110272K, reserved 1179648K
  class space    used 14362K, committed 14912K, reserved 1048576K
}
Event: 430.251 GC heap before
{Heap before GC invocations=97 (full 16):
 garbage-first heap   total 178176K, used 137301K [0x0000000744800000, 0x0000000800000000)
  region size 2048K, 41 young (83968K), 3 survivors (6144K)
 Metaspace       used 110570K, committed 111936K, reserved 1179648K
  class space    used 14594K, committed 15296K, reserved 1048576K
}

