# JRE version: Java(TM) SE Runtime Environment (17.0.10+11) (build 17.0.10+11-LTS-240)
# Java VM: Java HotSpot(TM) 64-Bit Server VM (17.0.10+11-LTS-240, mixed mode, emulated-client, sharing, tiered, compressed oops, compressed class ptrs, g1 gc, windows-amd64)
GC Precious Log:
 CPUs: 16 total, 16 available
 Memory: 11992M
 Large Page Support: Disabled
 NUMA Support: Disabled
 Compressed Oops: Enabled (Zero based)
 Heap Region Size: 2M
 Heap Min Capacity: 8M
 Heap Initial Capacity: 188M
 Heap Max Capacity: 3000M
 Pre-touch: Disabled
 Parallel Workers: 13
 Concurrent Workers: 3
 Concurrent Refinement Workers: 13
 Periodic GC: Disabled
Heap:
 garbage-first heap   total 190464K, used 51550K [0x0000000744800000, 0x0000000800000000)
  region size 2048K, 7 young (14336K), 3 survivors (6144K)
 Metaspace       used 85358K, committed 86016K, reserved 1179648K
  class space    used 12114K, committed 12416K, reserved 1048576K
GC Heap History (20 events):
Event: 1211.144 GC heap before
{Heap before GC invocations=34 (full 1):
 garbage-first heap   total 137216K, used 107075K [0x0000000744800000, 0x0000000800000000)
  region size 2048K, 36 young (73728K), 4 survivors (8192K)
 Metaspace       used 82817K, committed 83456K, reserved 1179648K
  class space    used 11877K, committed 12160K, reserved 1048576K
}
Event: 1211.151 GC heap after
{Heap after GC invocations=35 (full 1):
 garbage-first heap   total 137216K, used 45226K [0x0000000744800000, 0x0000000800000000)
  region size 2048K, 3 young (6144K), 3 survivors (6144K)
 Metaspace       used 82817K, committed 83456K, reserved 1179648K
  class space    used 11877K, committed 12160K, reserved 1048576K
}
Event: 1211.267 GC heap before
{Heap before GC invocations=35 (full 1):
 garbage-first heap   total 137216K, used 106666K [0x0000000744800000, 0x0000000800000000)
  region size 2048K, 33 young (67584K), 3 survivors (6144K)
 Metaspace       used 82987K, committed 83648K, reserved 1179648K
  class space    used 11890K, committed 12224K, reserved 1048576K
}
Event: 1211.270 GC heap after
{Heap after GC invocations=36 (full 1):
 garbage-first heap   total 137216K, used 46289K [0x0000000744800000, 0x0000000800000000)
  region size 2048K, 3 young (6144K), 3 survivors (6144K)
 Metaspace       used 82987K, committed 83648K, reserved 1179648K
  class space    used 11890K, committed 12224K, reserved 1048576K
}
Event: 1211.461 GC heap before
{Heap before GC invocations=36 (full 1):
 garbage-first heap   total 137216K, used 107729K [0x0000000744800000, 0x0000000800000000)
  region size 2048K, 33 young (67584K), 3 survivors (6144K)
 Metaspace       used 83310K, committed 83968K, reserved 1179648K
  class space    used 11910K, committed 12224K, reserved 1048576K
}
Event: 1211.464 GC heap after
{Heap after GC invocations=37 (full 1):
 garbage-first heap   total 137216K, used 47311K [0x0000000744800000, 0x0000000800000000)
  region size 2048K, 4 young (8192K), 4 survivors (8192K)
 Metaspace       used 83310K, committed 83968K, reserved 1179648K
  class space    used 11910K, committed 12224K, reserved 1048576K
}
Event: 1240.008 GC heap before
{Heap before GC invocations=37 (full 1):
 garbage-first heap   total 137216K, used 106703K [0x0000000744800000, 0x0000000800000000)
  region size 2048K, 33 young (67584K), 4 survivors (8192K)
 Metaspace       used 83539K, committed 84224K, reserved 1179648K
  class space    used 11937K, committed 12288K, reserved 1048576K
}
Event: 1240.021 GC heap after
{Heap after GC invocations=38 (full 1):
 garbage-first heap   total 169984K, used 50443K [0x0000000744800000, 0x0000000800000000)
  region size 2048K, 3 young (6144K), 3 survivors (6144K)
 Metaspace       used 83539K, committed 84224K, reserved 1179648K
  class space    used 11937K, committed 12288K, reserved 1048576K
}
Event: 1241.709 GC heap before
{Heap before GC invocations=38 (full 1):
 garbage-first heap   total 169984K, used 54539K [0x0000000744800000, 0x0000000800000000)
  region size 2048K, 6 young (12288K), 3 survivors (6144K)
 Metaspace       used 83542K, committed 84224K, reserved 1179648K
  class space    used 11937K, committed 12288K, reserved 1048576K
}
Event: 1241.769 GC heap after
{Heap after GC invocations=39 (full 2):
 garbage-first heap   total 131072K, used 32602K [0x0000000744800000, 0x0000000800000000)
  region size 2048K, 0 young (0K), 0 survivors (0K)
 Metaspace       used 83483K, committed 84224K, reserved 1179648K
  class space    used 11927K, committed 12288K, reserved 1048576K
}
Event: 1242.145 GC heap before
{Heap before GC invocations=39 (full 2):
 garbage-first heap   total 131072K, used 98138K [0x0000000744800000, 0x0000000800000000)
  region size 2048K, 33 young (67584K), 0 survivors (0K)
 Metaspace       used 84214K, committed 84928K, reserved 1179648K
  class space    used 12013K, committed 12352K, reserved 1048576K
}
Event: 1242.150 GC heap after
{Heap after GC invocations=40 (full 2):
 garbage-first heap   total 131072K, used 37345K [0x0000000744800000, 0x0000000800000000)
  region size 2048K, 3 young (6144K), 3 survivors (6144K)
 Metaspace       used 84214K, committed 84928K, reserved 1179648K
  class space    used 12013K, committed 12352K, reserved 1048576K
}
Event: 1242.356 GC heap before
{Heap before GC invocations=41 (full 2):
 garbage-first heap   total 131072K, used 98785K [0x0000000744800000, 0x0000000800000000)
  region size 2048K, 33 young (67584K), 3 survivors (6144K)
 Metaspace       used 84605K, committed 85312K, reserved 1179648K
  class space    used 12056K, committed 12416K, reserved 1048576K
}
Event: 1242.361 GC heap after
{Heap after GC invocations=42 (full 2):
 garbage-first heap   total 131072K, used 40952K [0x0000000744800000, 0x0000000800000000)
  region size 2048K, 5 young (10240K), 5 survivors (10240K)
 Metaspace       used 84605K, committed 85312K, reserved 1179648K
  class space    used 12056K, committed 12416K, reserved 1048576K
}
Event: 1242.470 GC heap before
{Heap before GC invocations=42 (full 2):
 garbage-first heap   total 131072K, used 98296K [0x0000000744800000, 0x0000000800000000)
  region size 2048K, 33 young (67584K), 5 survivors (10240K)
 Metaspace       used 84836K, committed 85568K, reserved 1179648K
  class space    used 12072K, committed 12416K, reserved 1048576K
}
Event: 1242.478 GC heap after
{Heap after GC invocations=43 (full 2):
 garbage-first heap   total 131072K, used 42567K [0x0000000744800000, 0x0000000800000000)
  region size 2048K, 3 young (6144K), 3 survivors (6144K)
 Metaspace       used 84836K, committed 85568K, reserved 1179648K
  class space    used 12072K, committed 12416K, reserved 1048576K
}
Event: 1242.586 GC heap before
{Heap before GC invocations=43 (full 2):
 garbage-first heap   total 131072K, used 97863K [0x0000000744800000, 0x0000000800000000)
  region size 2048K, 30 young (61440K), 3 survivors (6144K)
 Metaspace       used 84986K, committed 85696K, reserved 1179648K
  class space    used 12081K, committed 12416K, reserved 1048576K
}
Event: 1242.592 GC heap after
{Heap after GC invocations=44 (full 2):
 garbage-first heap   total 131072K, used 43442K [0x0000000744800000, 0x0000000800000000)
  region size 2048K, 2 young (4096K), 2 survivors (4096K)
 Metaspace       used 84986K, committed 85696K, reserved 1179648K
  class space    used 12081K, committed 12416K, reserved 1048576K
}
Event: 1243.444 GC heap before
{Heap before GC invocations=44 (full 2):
 garbage-first heap   total 131072K, used 100786K [0x0000000744800000, 0x0000000800000000)
  region size 2048K, 30 young (61440K), 2 survivors (4096K)
 Metaspace       used 85356K, committed 86016K, reserved 1179648K
  class space    used 12113K, committed 12416K, reserved 1048576K
}
Event: 1243.449 GC heap after
{Heap after GC invocations=45 (full 2):
 garbage-first heap   total 190464K, used 45406K [0x0000000744800000, 0x0000000800000000)
  region size 2048K, 3 young (6144K), 3 survivors (6144K)
 Metaspace       used 85356K, committed 86016K, reserved 1179648K
  class space    used 12113K, committed 12416K, reserved 1048576K
}

