# JRE version: Java(TM) SE Runtime Environment (17.0.10+11) (build 17.0.10+11-LTS-240)
# Java VM: Java HotSpot(TM) 64-Bit Server VM (17.0.10+11-LTS-240, mixed mode, emulated-client, sharing, tiered, compressed oops, compressed class ptrs, g1 gc, windows-amd64)
GC Precious Log:
 CPUs: 16 total, 16 available
 Memory: 11992M
 Large Page Support: Disabled
 NUMA Support: Disabled
 Compressed Oops: Enabled (Zero based)
 Heap Region Size: 2M
 Heap Min Capacity: 8M
 Heap Initial Capacity: 188M
 Heap Max Capacity: 3000M
 Pre-touch: Disabled
 Parallel Workers: 13
 Concurrent Workers: 3
 Concurrent Refinement Workers: 13
 Periodic GC: Disabled
Heap:
 garbage-first heap   total 210944K, used 122799K [0x0000000744800000, 0x0000000800000000)
  region size 2048K, 38 young (77824K), 3 survivors (6144K)
 Metaspace       used 105702K, committed 106944K, reserved 1179648K
  class space    used 13959K, committed 14592K, reserved 1048576K
GC Heap History (20 events):
Event: 491.660 GC heap before
{Heap before GC invocations=101 (full 14):
 garbage-first heap   total 151552K, used 116116K [0x0000000744800000, 0x0000000800000000)
  region size 2048K, 35 young (71680K), 2 survivors (4096K)
 Metaspace       used 100469K, committed 101312K, reserved 1179648K
  class space    used 13345K, committed 13760K, reserved 1048576K
}
Event: 491.663 GC heap after
{Heap after GC invocations=102 (full 14):
 garbage-first heap   total 151552K, used 49628K [0x0000000744800000, 0x0000000800000000)
  region size 2048K, 3 young (6144K), 3 survivors (6144K)
 Metaspace       used 100469K, committed 101312K, reserved 1179648K
  class space    used 13345K, committed 13760K, reserved 1048576K
}
Event: 491.903 GC heap before
{Heap before GC invocations=102 (full 14):
 garbage-first heap   total 151552K, used 117212K [0x0000000744800000, 0x0000000800000000)
  region size 2048K, 36 young (73728K), 3 survivors (6144K)
 Metaspace       used 100878K, committed 101760K, reserved 1179648K
  class space    used 13377K, committed 13824K, reserved 1048576K
}
Event: 491.908 GC heap after
{Heap after GC invocations=103 (full 14):
 garbage-first heap   total 151552K, used 51845K [0x0000000744800000, 0x0000000800000000)
  region size 2048K, 4 young (8192K), 4 survivors (8192K)
 Metaspace       used 100878K, committed 101760K, reserved 1179648K
  class space    used 13377K, committed 13824K, reserved 1048576K
}
Event: 493.572 GC heap before
{Heap before GC invocations=103 (full 14):
 garbage-first heap   total 151552K, used 72325K [0x0000000744800000, 0x0000000800000000)
  region size 2048K, 15 young (30720K), 4 survivors (8192K)
 Metaspace       used 100887K, committed 101760K, reserved 1179648K
  class space    used 13380K, committed 13824K, reserved 1048576K
}
Event: 493.699 GC heap after
{Heap after GC invocations=104 (full 15):
 garbage-first heap   total 151552K, used 40781K [0x0000000744800000, 0x0000000800000000)
  region size 2048K, 0 young (0K), 0 survivors (0K)
 Metaspace       used 100865K, committed 101760K, reserved 1179648K
  class space    used 13376K, committed 13824K, reserved 1048576K
}
Event: 494.248 GC heap before
{Heap before GC invocations=104 (full 15):
 garbage-first heap   total 151552K, used 118605K [0x0000000744800000, 0x0000000800000000)
  region size 2048K, 38 young (77824K), 0 survivors (0K)
 Metaspace       used 102151K, committed 103168K, reserved 1179648K
  class space    used 13560K, committed 14080K, reserved 1048576K
}
Event: 494.252 GC heap after
{Heap after GC invocations=105 (full 15):
 garbage-first heap   total 210944K, used 46392K [0x0000000744800000, 0x0000000800000000)
  region size 2048K, 3 young (6144K), 3 survivors (6144K)
 Metaspace       used 102151K, committed 103168K, reserved 1179648K
  class space    used 13560K, committed 14080K, reserved 1048576K
}
Event: 494.738 GC heap before
{Heap before GC invocations=105 (full 15):
 garbage-first heap   total 210944K, used 161080K [0x0000000744800000, 0x0000000800000000)
  region size 2048K, 59 young (120832K), 3 survivors (6144K)
 Metaspace       used 102820K, committed 103936K, reserved 1179648K
  class space    used 13633K, committed 14208K, reserved 1048576K
}
Event: 494.744 GC heap after
{Heap after GC invocations=106 (full 15):
 garbage-first heap   total 210944K, used 50996K [0x0000000744800000, 0x0000000800000000)
  region size 2048K, 5 young (10240K), 5 survivors (10240K)
 Metaspace       used 102820K, committed 103936K, reserved 1179648K
  class space    used 13633K, committed 14208K, reserved 1048576K
}
Event: 495.283 GC heap before
{Heap before GC invocations=106 (full 15):
 garbage-first heap   total 210944K, used 163636K [0x0000000744800000, 0x0000000800000000)
  region size 2048K, 60 young (122880K), 5 survivors (10240K)
 Metaspace       used 103822K, committed 105088K, reserved 1179648K
  class space    used 13774K, committed 14400K, reserved 1048576K
}
Event: 495.294 GC heap after
{Heap after GC invocations=107 (full 15):
 garbage-first heap   total 210944K, used 54405K [0x0000000744800000, 0x0000000800000000)
  region size 2048K, 5 young (10240K), 5 survivors (10240K)
 Metaspace       used 103822K, committed 105088K, reserved 1179648K
  class space    used 13774K, committed 14400K, reserved 1048576K
}
Event: 497.023 GC heap before
{Heap before GC invocations=107 (full 15):
 garbage-first heap   total 210944K, used 60549K [0x0000000744800000, 0x0000000800000000)
  region size 2048K, 9 young (18432K), 5 survivors (10240K)
 Metaspace       used 103833K, committed 105088K, reserved 1179648K
  class space    used 13776K, committed 14400K, reserved 1048576K
}
Event: 497.144 GC heap after
{Heap after GC invocations=108 (full 16):
 garbage-first heap   total 163840K, used 42468K [0x0000000744800000, 0x0000000800000000)
  region size 2048K, 0 young (0K), 0 survivors (0K)
 Metaspace       used 103810K, committed 105088K, reserved 1179648K
  class space    used 13773K, committed 14400K, reserved 1048576K
}
Event: 497.934 GC heap before
{Heap before GC invocations=108 (full 16):
 garbage-first heap   total 163840K, used 124388K [0x0000000744800000, 0x0000000800000000)
  region size 2048K, 41 young (83968K), 0 survivors (0K)
 Metaspace       used 104608K, committed 105920K, reserved 1179648K
  class space    used 13868K, committed 14528K, reserved 1048576K
}
Event: 497.938 GC heap after
{Heap after GC invocations=109 (full 16):
 garbage-first heap   total 163840K, used 49156K [0x0000000744800000, 0x0000000800000000)
  region size 2048K, 4 young (8192K), 4 survivors (8192K)
 Metaspace       used 104608K, committed 105920K, reserved 1179648K
  class space    used 13868K, committed 14528K, reserved 1048576K
}
Event: 498.329 GC heap before
{Heap before GC invocations=110 (full 16):
 garbage-first heap   total 163840K, used 124932K [0x0000000744800000, 0x0000000800000000)
  region size 2048K, 41 young (83968K), 4 survivors (8192K)
 Metaspace       used 105069K, committed 106304K, reserved 1179648K
  class space    used 13909K, committed 14528K, reserved 1048576K
}
Event: 498.335 GC heap after
{Heap after GC invocations=111 (full 16):
 garbage-first heap   total 163840K, used 51944K [0x0000000744800000, 0x0000000800000000)
  region size 2048K, 5 young (10240K), 5 survivors (10240K)
 Metaspace       used 105069K, committed 106304K, reserved 1179648K
  class space    used 13909K, committed 14528K, reserved 1048576K
}
Event: 498.550 GC heap before
{Heap before GC invocations=111 (full 16):
 garbage-first heap   total 163840K, used 127720K [0x0000000744800000, 0x0000000800000000)
  region size 2048K, 42 young (86016K), 5 survivors (10240K)
 Metaspace       used 105316K, committed 106624K, reserved 1179648K
  class space    used 13926K, committed 14592K, reserved 1048576K
}
Event: 498.555 GC heap after
{Heap after GC invocations=112 (full 16):
 garbage-first heap   total 210944K, used 53167K [0x0000000744800000, 0x0000000800000000)
  region size 2048K, 3 young (6144K), 3 survivors (6144K)
 Metaspace       used 105316K, committed 106624K, reserved 1179648K
  class space    used 13926K, committed 14592K, reserved 1048576K
}

