# JRE version: Java(TM) SE Runtime Environment (17.0.10+11) (build 17.0.10+11-LTS-240)
# Java VM: Java HotSpot(TM) 64-Bit Server VM (17.0.10+11-LTS-240, mixed mode, emulated-client, sharing, tiered, compressed oops, compressed class ptrs, g1 gc, windows-amd64)
GC Precious Log:
 CPUs: 16 total, 16 available
 Memory: 11992M
 Large Page Support: Disabled
 NUMA Support: Disabled
 Compressed Oops: Enabled (Zero based)
 Heap Region Size: 2M
 Heap Min Capacity: 8M
 Heap Initial Capacity: 188M
 Heap Max Capacity: 3000M
 Pre-touch: Disabled
 Parallel Workers: 13
 Concurrent Workers: 3
 Concurrent Refinement Workers: 13
 Periodic GC: Disabled
Heap:
 garbage-first heap   total 219136K, used 71771K [0x0000000744800000, 0x0000000800000000)
  region size 2048K, 4 young (8192K), 4 survivors (8192K)
 Metaspace       used 132935K, committed 134656K, reserved 1245184K
  class space    used 16887K, committed 17728K, reserved 1048576K
GC Heap History (20 events):
Event: 5989.961 GC heap after
{Heap after GC invocations=714 (full 91):
 garbage-first heap   total 337920K, used 72041K [0x0000000744800000, 0x0000000800000000)
  region size 2048K, 5 young (10240K), 5 survivors (10240K)
 Metaspace       used 127912K, committed 129408K, reserved 1245184K
  class space    used 16339K, committed 17088K, reserved 1048576K
}
Event: 6004.289 GC heap before
{Heap before GC invocations=714 (full 91):
 garbage-first heap   total 337920K, used 221545K [0x0000000744800000, 0x0000000800000000)
  region size 2048K, 79 young (161792K), 5 survivors (10240K)
 Metaspace       used 127915K, committed 129472K, reserved 1245184K
  class space    used 16339K, committed 17088K, reserved 1048576K
}
Event: 6004.356 GC heap after
{Heap after GC invocations=715 (full 92):
 garbage-first heap   total 245760K, used 61009K [0x0000000744800000, 0x0000000800000000)
  region size 2048K, 0 young (0K), 0 survivors (0K)
 Metaspace       used 127893K, committed 129472K, reserved 1245184K
  class space    used 16335K, committed 17088K, reserved 1048576K
}
Event: 6004.761 GC heap before
{Heap before GC invocations=715 (full 92):
 garbage-first heap   total 245760K, used 185937K [0x0000000744800000, 0x0000000800000000)
  region size 2048K, 61 young (124928K), 0 survivors (0K)
 Metaspace       used 128977K, committed 130496K, reserved 1245184K
  class space    used 16458K, committed 17216K, reserved 1048576K
}
Event: 6004.766 GC heap after
{Heap after GC invocations=716 (full 92):
 garbage-first heap   total 245760K, used 69741K [0x0000000744800000, 0x0000000800000000)
  region size 2048K, 5 young (10240K), 5 survivors (10240K)
 Metaspace       used 128977K, committed 130496K, reserved 1245184K
  class space    used 16458K, committed 17216K, reserved 1048576K
}
Event: 6004.950 GC heap before
{Heap before GC invocations=716 (full 92):
 garbage-first heap   total 245760K, used 186477K [0x0000000744800000, 0x0000000800000000)
  region size 2048K, 62 young (126976K), 5 survivors (10240K)
 Metaspace       used 129383K, committed 130944K, reserved 1245184K
  class space    used 16484K, committed 17280K, reserved 1048576K
}
Event: 6004.954 GC heap after
{Heap after GC invocations=717 (full 92):
 garbage-first heap   total 245760K, used 72997K [0x0000000744800000, 0x0000000800000000)
  region size 2048K, 6 young (12288K), 6 survivors (12288K)
 Metaspace       used 129383K, committed 130944K, reserved 1245184K
  class space    used 16484K, committed 17280K, reserved 1048576K
}
Event: 6009.909 GC heap before
{Heap before GC invocations=717 (full 92):
 garbage-first heap   total 245760K, used 189733K [0x0000000744800000, 0x0000000800000000)
  region size 2048K, 63 young (129024K), 6 survivors (12288K)
 Metaspace       used 130205K, committed 131904K, reserved 1245184K
  class space    used 16609K, committed 17472K, reserved 1048576K
}
Event: 6009.915 GC heap after
{Heap after GC invocations=718 (full 92):
 garbage-first heap   total 245760K, used 77124K [0x0000000744800000, 0x0000000800000000)
  region size 2048K, 5 young (10240K), 5 survivors (10240K)
 Metaspace       used 130205K, committed 131904K, reserved 1245184K
  class space    used 16609K, committed 17472K, reserved 1048576K
}
Event: 6009.921 GC heap before
{Heap before GC invocations=718 (full 92):
 garbage-first heap   total 245760K, used 77124K [0x0000000744800000, 0x0000000800000000)
  region size 2048K, 6 young (12288K), 5 survivors (10240K)
 Metaspace       used 130205K, committed 131904K, reserved 1245184K
  class space    used 16609K, committed 17472K, reserved 1048576K
}
Event: 6009.981 GC heap after
{Heap after GC invocations=719 (full 93):
 garbage-first heap   total 219136K, used 63796K [0x0000000744800000, 0x0000000800000000)
  region size 2048K, 0 young (0K), 0 survivors (0K)
 Metaspace       used 130183K, committed 131904K, reserved 1245184K
  class space    used 16605K, committed 17472K, reserved 1048576K
}
Event: 6010.426 GC heap before
{Heap before GC invocations=719 (full 93):
 garbage-first heap   total 219136K, used 174388K [0x0000000744800000, 0x0000000800000000)
  region size 2048K, 54 young (110592K), 0 survivors (0K)
 Metaspace       used 131121K, committed 132864K, reserved 1245184K
  class space    used 16715K, committed 17600K, reserved 1048576K
}
Event: 6010.429 GC heap after
{Heap after GC invocations=720 (full 93):
 garbage-first heap   total 219136K, used 71167K [0x0000000744800000, 0x0000000800000000)
  region size 2048K, 4 young (8192K), 4 survivors (8192K)
 Metaspace       used 131121K, committed 132864K, reserved 1245184K
  class space    used 16715K, committed 17600K, reserved 1048576K
}
Event: 6010.669 GC heap before
{Heap before GC invocations=720 (full 93):
 garbage-first heap   total 219136K, used 175615K [0x0000000744800000, 0x0000000800000000)
  region size 2048K, 55 young (112640K), 4 survivors (8192K)
 Metaspace       used 131583K, committed 133312K, reserved 1245184K
  class space    used 16746K, committed 17600K, reserved 1048576K
}
Event: 6010.672 GC heap after
{Heap after GC invocations=721 (full 93):
 garbage-first heap   total 219136K, used 74646K [0x0000000744800000, 0x0000000800000000)
  region size 2048K, 6 young (12288K), 6 survivors (12288K)
 Metaspace       used 131583K, committed 133312K, reserved 1245184K
  class space    used 16746K, committed 17600K, reserved 1048576K
}
Event: 6011.943 GC heap before
{Heap before GC invocations=721 (full 93):
 garbage-first heap   total 219136K, used 174998K [0x0000000744800000, 0x0000000800000000)
  region size 2048K, 55 young (112640K), 6 survivors (12288K)
 Metaspace       used 132039K, committed 133760K, reserved 1245184K
  class space    used 16781K, committed 17664K, reserved 1048576K
}
Event: 6011.952 GC heap after
{Heap after GC invocations=722 (full 93):
 garbage-first heap   total 219136K, used 76878K [0x0000000744800000, 0x0000000800000000)
  region size 2048K, 5 young (10240K), 5 survivors (10240K)
 Metaspace       used 132039K, committed 133760K, reserved 1245184K
  class space    used 16781K, committed 17664K, reserved 1048576K
}
Event: 6013.601 GC heap before
{Heap before GC invocations=722 (full 93):
 garbage-first heap   total 219136K, used 99406K [0x0000000744800000, 0x0000000800000000)
  region size 2048K, 17 young (34816K), 5 survivors (10240K)
 Metaspace       used 132041K, committed 133760K, reserved 1245184K
  class space    used 16782K, committed 17664K, reserved 1048576K
}
Event: 6013.666 GC heap after
{Heap after GC invocations=723 (full 94):
 garbage-first heap   total 219136K, used 64142K [0x0000000744800000, 0x0000000800000000)
  region size 2048K, 0 young (0K), 0 survivors (0K)
 Metaspace       used 132019K, committed 133760K, reserved 1245184K
  class space    used 16778K, committed 17664K, reserved 1048576K
}
Event: 6014.022 GC heap before
{Heap before GC invocations=723 (full 94):
 garbage-first heap   total 219136K, used 170638K [0x0000000744800000, 0x0000000800000000)
  region size 2048K, 52 young (106496K), 0 survivors (0K)
 Metaspace       used 132935K, committed 134656K, reserved 1245184K
  class space    used 16887K, committed 17728K, reserved 1048576K
}

